tensorflow-mobilenet-which-car-is-that-master/gradleBuild/outputs/logs/manifest-merger-debug-report.txt
-- Merging decision tree log ---
manifest
ADDED from Mini_Project\tensorflow-mobilenet-which-car-is-that-master\AndroidManifest.xml:18:1-50:12
INJECTED from Mini_Project\tensorflow-mobilenet-which-car-is-that-master\AndroidManifest.xml:18:1-50:12
MERGED from [org.tensorflow:tensorflow-android:1.2.0-preview] AndroidManifest.xml:2:1-8:12
INJECTED from Mini_Project\tensorflow-mobilenet-which-car-is-that-master\AndroidManifest.xml:18:1-50:12
	package
		ADDED from Mini_Project\tensorflow-mobilenet-which-car-is-that-master\AndroidManifest.xml:20:5-44
	xmlns:android
		ADDED from Mini_Project\tensorflow-mobilenet-which-car-is-that-master\AndroidManifest.xml:18:11-69
	android:versionCode
		ADDED from Mini_Project\tensorflow-mobilenet-which-car-is-that-master\AndroidManifest.xml:19:5-28
		INJECTED from Mini_Project\tensorflow-mobilenet-which-car-is-that-master\AndroidManifest.xml
		INJECTED from Mini_Project\tensorflow-mobilenet-which-car-is-that-master\AndroidManifest.xml
uses-permission#android.permission.CAMERA
ADDED from Mini_Project\tensorflow-mobilenet-which-car-is-that-master\AndroidManifest.xml:22:5-65
	android:name
		ADDED from Mini_Project\tensorflow-mobilenet-which-car-is-that-master\AndroidManifest.xml:22:22-62
uses-feature#android.hardware.camera
ADDED from Mini_Project\tensorflow-mobilenet-which-car-is-that-master\AndroidManifest.xml:23:5-60
	android:name
		ADDED from Mini_Project\tensorflow-mobilenet-which-car-is-that-master\AndroidManifest.xml:23:19-57
uses-feature#android.hardware.camera.autofocus
ADDED from Mini_Project\tensorflow-mobilenet-which-car-is-that-master\AndroidManifest.xml:24:5-70
	android:name
		ADDED from Mini_Project\tensorflow-mobilenet-which-car-is-that-master\AndroidManifest.xml:24:19-67
uses-permission#android.permission.WRITE_EXTERNAL_STORAGE
ADDED from Mini_Project\tensorflow-mobilenet-which-car-is-that-master\AndroidManifest.xml:25:5-80
	android:name
		ADDED from Mini_Project\tensorflow-mobilenet-which-car-is-that-master\AndroidManifest.xml:25:22-78
uses-sdk
ADDED from Mini_Project\tensorflow-mobilenet-which-car-is-that-master\AndroidManifest.xml:27:5-29:41
	android:targetSdkVersion
		ADDED from Mini_Project\tensorflow-mobilenet-which-car-is-that-master\AndroidManifest.xml:29:9-38
	android:minSdkVersion
		ADDED from Mini_Project\tensorflow-mobilenet-which-car-is-that-master\AndroidManifest.xml:28:9-35
application
ADDED from Mini_Project\tensorflow-mobilenet-which-car-is-that-master\AndroidManifest.xml:31:5-48:19
MERGED from [org.tensorflow:tensorflow-android:1.2.0-preview] AndroidManifest.xml:5:5-6:19
MERGED from [org.tensorflow:tensorflow-android:1.2.0-preview] AndroidManifest.xml:5:5-6:19
	android:label
		ADDED from Mini_Project\tensorflow-mobilenet-which-car-is-that-master\AndroidManifest.xml:32:9-41
	android:icon
		ADDED from Mini_Project\tensorflow-mobilenet-which-car-is-that-master\AndroidManifest.xml:33:9-38
	android:allowBackup
		ADDED from Mini_Project\tensorflow-mobilenet-which-car-is-that-master\AndroidManifest.xml:31:18-44
	android:theme
		ADDED from Mini_Project\tensorflow-mobilenet-which-car-is-that-master\AndroidManifest.xml:34:9-45
activity#com.reachsumit.whichcaristhat.ClassifierActivity
ADDED from Mini_Project\tensorflow-mobilenet-which-car-is-that-master\AndroidManifest.xml:36:9-47:20
	android:screenOrientation
		ADDED from Mini_Project\tensorflow-mobilenet-which-car-is-that-master\AndroidManifest.xml:37:19-55
	android:label
		ADDED from Mini_Project\tensorflow-mobilenet-which-car-is-that-master\AndroidManifest.xml:38:19-71
	android:name
		ADDED from Mini_Project\tensorflow-mobilenet-which-car-is-that-master\AndroidManifest.xml:36:19-82
intent-filter#android.intent.action.MAIN+android.intent.category.LAUNCHER
ADDED from Mini_Project\tensorflow-mobilenet-which-car-is-that-master\AndroidManifest.xml:39:13-42:29
action#android.intent.action.MAIN
ADDED from Mini_Project\tensorflow-mobilenet-which-car-is-that-master\AndroidManifest.xml:40:17-69
	android:name
		ADDED from Mini_Project\tensorflow-mobilenet-which-car-is-that-master\AndroidManifest.xml:40:25-66
category#android.intent.category.LAUNCHER
ADDED from Mini_Project\tensorflow-mobilenet-which-car-is-that-master\AndroidManifest.xml:41:17-77
	android:name
		ADDED from Mini_Project\tensorflow-mobilenet-which-car-is-that-master\AndroidManifest.xml:41:27-74
intent-filter#android.intent.category.DEFAULT+com.reachsumit.whichcaristhat.ClassifierActivity
ADDED from Mini_Project\tensorflow-mobilenet-which-car-is-that-master\AndroidManifest.xml:43:1-46:17
action#com.reachsumit.whichcaristhat.ClassifierActivity
ADDED from Mini_Project\tensorflow-mobilenet-which-car-is-that-master\AndroidManifest.xml:44:8-82
	android:name
		ADDED from Mini_Project\tensorflow-mobilenet-which-car-is-that-master\AndroidManifest.xml:44:16-79
category#android.intent.category.DEFAULT
ADDED from Mini_Project\tensorflow-mobilenet-which-car-is-that-master\AndroidManifest.xml:45:8-67
	android:name
		ADDED from Mini_Project\tensorflow-mobilenet-which-car-is-that-master\AndroidManifest.xml:45:18-64
uses-permission#android.permission.READ_PHONE_STATE
IMPLIED from Mini_Project\tensorflow-mobilenet-which-car-is-that-master\AndroidManifest.xml:18:1-50:12 reason: tensorflow.contrib.android has a targetSdkVersion < 4
uses-permission#android.permission.READ_EXTERNAL_STORAGE
IMPLIED from Mini_Project\tensorflow-mobilenet-which-car-is-that-master\AndroidManifest.xml:18:1-50:12 reason: tensorflow.contrib.android requested WRITE_EXTERNAL_STORAGE